<?xml version="1.0" encoding="UTF-8"?>
<!-- Generated by org.testng.reporters.JUnitReportReporter -->
<testsuite hostname="Jerins-MacBook-Pro.local" failures="0" tests="4" name="com.crm.qa.testcases.ContactsPageTest" time="96.603" errors="0" timestamp="2024-03-08T15:38:53 EST" skipped="0">
  <testcase classname="com.crm.qa.testcases.ContactsPageTest" name="verifyContactsPageLabelTest" time="20.199"/>
  <testcase classname="com.crm.qa.testcases.ContactsPageTest" name="validateCreateNewContact" time="25.098"/>
  <testcase classname="com.crm.qa.testcases.ContactsPageTest" name="validateCreateNewContact" time="27.351"/>
  <testcase classname="com.crm.qa.testcases.ContactsPageTest" name="validateCreateNewContact" time="23.955"/>
</testsuite> <!-- com.crm.qa.testcases.ContactsPageTest -->
