<?xml version="1.0" encoding="UTF-8"?>
<!-- Generated by org.testng.reporters.JUnitReportReporter -->
<testsuite hostname="Jerins-MacBook-Pro.local" failures="0" tests="3" name="com.crm.qa.testcases.HomePageTest" time="61.944" errors="0" timestamp="2024-03-08T15:23:59 EST" skipped="0">
  <testcase classname="com.crm.qa.testcases.HomePageTest" name="verifyHomePageTitleTest" time="22.560"/>
  <testcase classname="com.crm.qa.testcases.HomePageTest" name="verifyUserNametest" time="19.023"/>
  <testcase classname="com.crm.qa.testcases.HomePageTest" name="verifyContactsClick" time="20.361"/>
</testsuite> <!-- com.crm.qa.testcases.HomePageTest -->
