<?xml version="1.0" encoding="UTF-8"?>
<!-- Generated by org.testng.reporters.JUnitReportReporter -->
<testsuite hostname="Jerins-MacBook-Pro.local" failures="0" tests="3" name="com.crm.qa.testcases.HomePageTest" time="46.517" errors="0" timestamp="2024-03-08T17:34:41 EST" skipped="0">
  <testcase classname="com.crm.qa.testcases.HomePageTest" name="verifyHomePageTitleTest" time="14.173"/>
  <testcase classname="com.crm.qa.testcases.HomePageTest" name="verifyUserNametest" time="14.873"/>
  <testcase classname="com.crm.qa.testcases.HomePageTest" name="verifyContactsClick" time="17.471"/>
</testsuite> <!-- com.crm.qa.testcases.HomePageTest -->
