<?xml version="1.0" encoding="UTF-8"?>
<!-- Generated by org.testng.reporters.JUnitReportReporter -->
<testsuite hostname="Jerins-MacBook-Pro.local" failures="0" tests="4" name="com.crm.qa.testcases.ContactsPageTest" time="79.699" errors="0" timestamp="2024-03-08T17:34:41 EST" skipped="0">
  <testcase classname="com.crm.qa.testcases.ContactsPageTest" name="verifyContactsPageLabelTest" time="15.860"/>
  <testcase classname="com.crm.qa.testcases.ContactsPageTest" name="validateCreateNewContact" time="18.903"/>
  <testcase classname="com.crm.qa.testcases.ContactsPageTest" name="validateCreateNewContact" time="19.212"/>
  <testcase classname="com.crm.qa.testcases.ContactsPageTest" name="validateCreateNewContact" time="25.724"/>
</testsuite> <!-- com.crm.qa.testcases.ContactsPageTest -->
